
--------------------------------------------------
TXLib соболезнует...

Программа: C:\Users\Daniil\Documents\SQREquation\bin\Debug\SQREquation.exe,

ВНЕЗАПНО: signal (22, 0x00): SIGABRT: Аварийное завершение программы, вызвана функция abort(). 

С помощью функции signal() вы можете сами обработать эту ошибку.

#1: TXLib [Ver: 00173a, Rev: 171, Date: 2021-07-19 01:45:49 +0400], Instance: 0x00000000004498F0 (64-bit), Flags: Cmdre0, Thread: 0x1EE0 (Main). 

--------------------------------------------------
Стек вызовов:

# 0 0x000000000040B6DF in C:\Users\Daniil\Documents\SQREquation\bin\Debug\SQREquation.exe: _txError() at C:/coder1337/TX/TXLib.h (10909)
# 1 0x000000000040B9C9 in C:\Users\Daniil\Documents\SQREquation\bin\Debug\SQREquation.exe: _txOnSignal() at C:/coder1337/TX/TXLib.h (10990)
# 2 0x00007FFAAB6DADFB in C:\Windows\System32\msvcrt.dll: raise()
# 3 0x00007FFAAB6DF1FB in C:\Windows\System32\msvcrt.dll: abort()
# 4 0x0000000000421326 in C:\Users\Daniil\Documents\SQREquation\bin\Debug\SQREquation.exe: _wassert()
# 5 0x00000000004213D6 in C:\Users\Daniil\Documents\SQREquation\bin\Debug\SQREquation.exe: _assert()

# 6 0x00000000004017A6 in C:\Users\Daniil\Documents\SQREquation\bin\Debug\SQREquation.exe: solve_sqr_equation() at C:/Users/Daniil/Documents/SQREquation/function_from_SQREquation.cpp (43):

     41: int solve_sqr_equation (const float a, const float b, const float c, float *x1, float *x2)
     42: {
=>   43:     assert (isnan (a));
     44:     assert (isnan (b));
     45:     assert (isnan (c));

# 7 0x000000000041E349 in C:\Users\Daniil\Documents\SQREquation\bin\Debug\SQREquation.exe: debajim_yOhOO() at C:/Users/Daniil/Documents/SQREquation/SQREquation.cpp (112):

    110:         float x1_from_func = 0, x2_from_func = 0;
    111: 
=>  112:         int KOL_otv_function = solve_sqr_equation (a, b, c, &x1_from_func, &x2_from_func);
    113: 
    114:         vivod_debugga (i, KOL_otv_file, x1_from_file, x2_from_file, x1_from_func, x2_from_func, KOL_otv_function);

# 8 0x000000000041DFDF in C:\Users\Daniil\Documents\SQREquation\bin\Debug\SQREquation.exe: main() at C:/Users/Daniil/Documents/SQREquation/SQREquation.cpp (39):

     37:     #else
     38: 
=>   39:         return debajim_yOhOO();
     40: 
     41:     #endif // DEBUG_MODE

--------------------------------------------------
Developed with:

The Dumb Artist Library (TX Library)
TXLib [Ver: 00173a, Rev: 171, Date: 2021-07-19 01:45:49 +0400]
Copyright (C) Ded (Ilya Dedinsky, http://txlib.ru) <mail@txlib.ru>
See license on: http://txlib.ru

TXLib file:	C:\coder1337\TX\TXLib.h
Compiled:	Aug 21 2021 01:37:27, GNU g++ 8.1.0, std=201402L, MinGW-W64 Runtime 6.0.0 (alpha - rev. 0) 0000-00-00, 64-bit, Debug
Started:	Aug 21 2021 01:46:08

Run file:	C:\Users\Daniil\Documents\SQREquation\bin\Debug\SQREquation.exe
Directory:	C:\Users\Daniil\Documents\SQREquation

--------------------------------------------------

--------------------------------------------------
TXLib соболезнует...

Программа: C:\Users\Daniil\Documents\SQREquation\bin\Debug\SQREquation.exe,

ВНЕЗАПНО: signal (22, 0x00): SIGABRT: Аварийное завершение программы, вызвана функция abort(). 

С помощью функции signal() вы можете сами обработать эту ошибку.

#1: TXLib [Ver: 00173a, Rev: 171, Date: 2021-07-19 01:45:49 +0400], Instance: 0x00000000004498F0 (64-bit), Flags: Cmdre0, Thread: 0x22F0 (Main). 

--------------------------------------------------
Стек вызовов:

# 0 0x000000000040B6DF in C:\Users\Daniil\Documents\SQREquation\bin\Debug\SQREquation.exe: _txError() at C:/coder1337/TX/TXLib.h (10909)
# 1 0x000000000040B9C9 in C:\Users\Daniil\Documents\SQREquation\bin\Debug\SQREquation.exe: _txOnSignal() at C:/coder1337/TX/TXLib.h (10990)
# 2 0x00007FFAAB6DADFB in C:\Windows\System32\msvcrt.dll: raise()
# 3 0x00007FFAAB6DF1FB in C:\Windows\System32\msvcrt.dll: abort()
# 4 0x0000000000420E26 in C:\Users\Daniil\Documents\SQREquation\bin\Debug\SQREquation.exe: _wassert()
# 5 0x0000000000420ED6 in C:\Users\Daniil\Documents\SQREquation\bin\Debug\SQREquation.exe: _assert()

# 6 0x00000000004017A6 in C:\Users\Daniil\Documents\SQREquation\bin\Debug\SQREquation.exe: solve_sqr_equation() at C:/Users/Daniil/Documents/SQREquation/function_from_SQREquation.cpp (43):

     41: int solve_sqr_equation (const float a, const float b, const float c, float *x1, float *x2)
     42: {
=>   43:     assert (isnan (a));
     44:     assert (isnan (b));
     45:     assert (isnan (c));

# 7 0x000000000041E076 in C:\Users\Daniil\Documents\SQREquation\bin\Debug\SQREquation.exe: main() at C:/Users/Daniil/Documents/SQREquation/SQREquation.cpp (31):

     29:         }
     30: 
=>   31:         int KOL_otv = solve_sqr_equation (a, b, c, &x1, &x2);
     32: 
     33:         outputVJUX (KOL_otv, x1, x2);

--------------------------------------------------
Developed with:

The Dumb Artist Library (TX Library)
TXLib [Ver: 00173a, Rev: 171, Date: 2021-07-19 01:45:49 +0400]
Copyright (C) Ded (Ilya Dedinsky, http://txlib.ru) <mail@txlib.ru>
See license on: http://txlib.ru

TXLib file:	C:\coder1337\TX\TXLib.h
Compiled:	Aug 21 2021 01:46:36, GNU g++ 8.1.0, std=201402L, MinGW-W64 Runtime 6.0.0 (alpha - rev. 0) 0000-00-00, 64-bit, Debug
Started:	Aug 21 2021 01:46:38

Run file:	C:\Users\Daniil\Documents\SQREquation\bin\Debug\SQREquation.exe
Directory:	C:\Users\Daniil\Documents\SQREquation

--------------------------------------------------
